C51 COMPILER V9.00   _595                                                                  04/07/2015 17:12:23 PAGE 1   


C51 COMPILER V9.00, COMPILATION OF MODULE _595
OBJECT MODULE PLACED IN .\output\_595.obj
COMPILER INVOKED BY: C:\Keil\C51\BIN\C51.EXE 74hc595\_595.c LARGE BROWSE INCDIR(.\main;.\eeprom;.\oled;.\uart;.\74hc595;
                    -.\cd4052;.\isr) DEBUG OBJECTEXTEND PRINT(.\list\_595.lst) OBJECT(.\output\_595.obj)

line level    source

   1          #include "main.h"
   2          #include "_595.h"
   3          
   4          
   5          void init595(void)
   6          {
   7   1         DSENABLE595();
   8   1         DS_595 = 0;
   9   1         ST_595 = 0;
  10   1         SH_595 = 0;
  11   1      }
  12          /*********************************************************
  13          功能：写595一个字节
  14          说明：
  15          *********************************************************/
  16          void write595(u8 dat)
  17          {
  18   1              u8 i;
  19   1              for(i=0;i<8; i++)
  20   1              {
  21   2               DS_595 = (dat & 0x80);                  
  22   2               SH_595 = 0;
  23   2               SH_595 = 1;
  24   2               dat <<= 1;
  25   2              } 
  26   1      }
  27          
  28          /*********************************************************
  29          功能：锁存多个字节到595
  30          说明：*dat 数据首地址  count 数据位数
  31          *********************************************************/
  32          void storge595(void *dat ,u8 count)
  33          {
  34   1         ST_595 = 0;
  35   1         while(count--)
  36   1         {
  37   2               write595(*(u8*)dat );
  38   2               ((u8*)dat)++;
  39   2         }
  40   1         ST_595 = 1;
  41   1      }
  42          


MODULE INFORMATION:   STATIC OVERLAYABLE
   CODE SIZE        =     56    ----
   CONSTANT SIZE    =   ----    ----
   XDATA SIZE       =   ----    ----
   PDATA SIZE       =   ----    ----
   DATA SIZE        =   ----    ----
   IDATA SIZE       =   ----    ----
   BIT SIZE         =   ----    ----
END OF MODULE INFORMATION.


C51 COMPILATION COMPLETE.  0 WARNING(S),  0 ERROR(S)
