C51 COMPILER V9.00   KEY                                                                   04/24/2015 19:30:26 PAGE 1   


C51 COMPILER V9.00, COMPILATION OF MODULE KEY
OBJECT MODULE PLACED IN .\output\Key.obj
COMPILER INVOKED BY: C:\Keil\C51\BIN\C51.EXE Key\Key.c LARGE BROWSE INCDIR(.\main;.\eeprom;.\oled;.\uart;.\74hc595;.\cd4
                    -052;.\isr;.\Key) DEBUG OBJECTEXTEND PRINT(.\list\Key.lst) OBJECT(.\output\Key.obj)

line level    source

   1          #include "MAIN.H"
   2          #include "key.h"
   3          #include "uart.h"
   4          
   5          u8 keyCounter ;                         //按键扫描计数
   6          u8 Key_back;                            //键值返回值
   7          u8 Key_change = 0;                      //键值改变标志
   8          
   9          
  10          void CheckKey(u8 *flag)
  11          {
  12   1         
  13   1               if(KEY1 == 0)
  14   1               {
  15   2                        *flag = KEY_OK;       //1
  16   2               }
  17   1               else if(KEY2 == 0)
  18   1               {
  19   2                        *flag = KEY_SUB;      //2
  20   2               }
  21   1               else if(KEY3 == 0)
  22   1               {
  23   2                        *flag = KEY_ADD;      //3
  24   2               }
  25   1               else if(KEY4 == 0)
  26   1               {
  27   2                        *flag = KEY_MOD;      //4
  28   2               }
  29   1               else if(START == 0)
  30   1               {
  31   2                        *flag = KEY_START; //5        
  32   2               }
  33   1               else
  34   1                       *flag = NO_KEY;
  35   1      }
  36          
  37          /*----------------------------------------------------------------------------*/
  38          /**@brief 按键检测，每10ms进行一次
  39          @return 无
  40          */
  41          /*----------------------------------------------------------------------------*/
  42          void KeyScan(void)
  43          {
  44   1          static  u8 keyValue = 0;
  45   1          u8  keyTmp = NO_KEY;
  46   1              u8  key_return = NO_KEY;        
  47   1              CheckKey(&keyTmp);           //获取键值
  48   1          if (keyTmp == NO_KEY)
  49   1          {
  50   2              if (keyCounter >= KEY_LONG_TIMES)  //长按抬键
  51   2              {
  52   3                  key_return = keyValue | KEY_LONG_UP;
  53   3              }
  54   2              else if (keyCounter >= KEY_SCAN_TIMES)   //短按抬键
C51 COMPILER V9.00   KEY                                                                   04/24/2015 19:30:26 PAGE 2   

  55   2              {
  56   3                  key_return = keyValue | KEY_SHORT_UP;
  57   3              }
  58   2      
  59   2              keyValue = keyTmp;   
  60   2              keyCounter = 0;
  61   2          }
  62   1              else if(keyTmp != keyValue)
  63   1              {
  64   2              keyValue = keyTmp;
  65   2              keyCounter = 0;
  66   2                      Key_change = 1;
  67   2              }       
  68   1          else
  69   1          {
  70   2              keyCounter++;
  71   2              if (keyCounter == KEY_SCAN_TIMES)                       //去抖
  72   2              {  
  73   3                  key_return = keyValue;
  74   3              }
  75   2              else if (keyCounter == KEY_LONG_TIMES)                          //长按
  76   2              {
  77   3                  key_return = keyValue | KEY_LONG;
  78   3              }
  79   2              else if (keyCounter == (KEY_LONG_TIMES + KEY_HOLD_TIMES) )                      //连按
  80   2              {
  81   3                  key_return = keyValue | KEY_HOLD;
  82   3                  keyCounter = KEY_LONG_TIMES;
  83   3              }
  84   2      
  85   2          }
  86   1      //          if (key_return != NO_KEY)
  87   1      //          {      
  88   1                 
  89   1                  Key_back =  key_return;
  90   1      //          }
  91   1      
  92   1      }


MODULE INFORMATION:   STATIC OVERLAYABLE
   CODE SIZE        =    191    ----
   CONSTANT SIZE    =   ----    ----
   XDATA SIZE       =      4       1
   PDATA SIZE       =   ----    ----
   DATA SIZE        =   ----    ----
   IDATA SIZE       =   ----    ----
   BIT SIZE         =   ----    ----
END OF MODULE INFORMATION.


C51 COMPILATION COMPLETE.  0 WARNING(S),  0 ERROR(S)
