C51 COMPILER V9.00   UART                                                                  04/04/2015 23:44:43 PAGE 1   


C51 COMPILER V9.00, COMPILATION OF MODULE UART
OBJECT MODULE PLACED IN .\output\Uart.obj
COMPILER INVOKED BY: C:\Keil\C51\BIN\C51.EXE uart\Uart.c LARGE BROWSE INCDIR(.\main;.\eeprom;.\oled;.\uart;.\74hc595;.\c
                    -d4052;.\isr) DEBUG OBJECTEXTEND PRINT(.\list\Uart.lst) OBJECT(.\output\Uart.obj)

line level    source

   1          #include "main.h"
   2          #include "uart.h"
   3          #include "oled.h"
   4          
   5          /*----------------------------------------------------------------------------*/
   6          /**@brief       波特率设置
   7            @param        
   8                  info: 
   9            @return
  10            @note    
  11          
  12          */
  13          /*----------------------------------------------------------------------------*/
  14          void Uart_Baudset(u32 num)
  15          {
  16   1              PCON &= 0x7F;           //波特率不倍速
  17   1              SCON = 0x50;            //8位可变波特率  串口1
  18   1              AUXR |= 0x04;           //定时器2时钟为Fosc,即1T
  19   1              T2L  = (65536-(MAIN_Fosc/4/num));
  20   1              T2H  = (65536-(MAIN_Fosc/4/num))>>8;
  21   1              AUXR |= 0x01;           //串口1选择定时器2为波特率发生器
  22   1              AUXR |= 0x10;           //启动定时器2
  23   1      }
  24          
  25          void UartInit(void)
  26          {
  27   1        Uart_Baudset(BAUD115200);
  28   1      }
  29          
  30           /*----------------------------------------------------------------------------*/
  31          /**@brief       串口发数据
  32            @param        
  33                  info: 
  34            @return
  35            @note    
  36          
  37          */
  38          /*----------------------------------------------------------------------------*/
  39          void put_byte(u8 tmp)   //串口发送数据
  40          {
  41   1          SBUF = tmp;              //SUBF接受/发送缓冲器(又叫串行通信特殊功能寄存器)
  42   1          while(!TI);                 // 等特数据传送 (TI发送中断标志)
  43   1          TI = 0;                                     // 清除数据传送标志
  44   1      }  
  45          /*----------------------------------------------------------------------------*/
  46          /**@brief       发送字符串
  47            @param        
  48                  info: 
  49            @return
  50            @note    
  51          
  52          */
  53          /*----------------------------------------------------------------------------*/
  54          void send_string(char *s) 
C51 COMPILER V9.00   UART                                                                  04/04/2015 23:44:43 PAGE 2   

  55          {
  56   1         while(*s)
  57   1         {
  58   2                put_char(*s++);
  59   2         }
  60   1      
  61   1      }
  62          /*----------------------------------------------------------------------------*/
  63          /**@brief       发送字节
  64            @param        
  65                  info: 
  66            @return
  67            @note    
  68          
  69          */
  70          /*----------------------------------------------------------------------------*/
  71          char put_char (char c)
  72          {     
  73   1              if (c == '\n')
  74   1          {
  75   2              put_byte(0x0d);
  76   2              put_byte(0x0a);
  77   2          }
  78   1          else
  79   1          {
  80   2              put_byte(c);
  81   2          } 
  82   1           return (c);
  83   1      
  84   1      }
  85          
  86          /*----------------------------------------------------------------------------*/
  87          /**@brief       转十六进制字符
  88            @param        
  89                  info: 
  90            @return
  91            @note    
  92          
  93          */
  94          /*----------------------------------------------------------------------------*/
  95          void get_hex_data(u8 dat)
  96          {
  97   1         u8 dat0;
  98   1         if(dat<0x0a)
  99   1         {
 100   2             dat0 = dat+'0';
 101   2         }
 102   1         else
 103   1         {
 104   2             dat0 = dat+'A'-10;
 105   2         }
 106   1         put_char(dat0);
 107   1      }  
 108          
 109           /*----------------------------------------------------------------------------*/
 110          /**@brief       发送十六进制字符
 111            @param        
 112                  info: 
 113            @return
 114            @note    
 115          
 116          */
C51 COMPILER V9.00   UART                                                                  04/04/2015 23:44:43 PAGE 3   

 117          /*----------------------------------------------------------------------------*/
 118          void printf_u8(u8 dat)
 119          {
 120   1          put_char(' ');
 121   1          get_hex_data(dat >> 4);
 122   1          get_hex_data(dat & 0xf);
 123   1          put_char(' ');         
 124   1      
 125   1      }
 126          
 127          void uart1_interrupt(void) interrupt UART1_VECTOR
 128          { 
 129   1          u8 temp;
 130   1              if(RI)              //接收中断标志
 131   1          {
 132   2                   RI = 0;       //清除中断标志 
 133   2                       temp = SBUF;
 134   2      
 135   2               }      
 136   1          
 137   1      }


MODULE INFORMATION:   STATIC OVERLAYABLE
   CODE SIZE        =    262    ----
   CONSTANT SIZE    =   ----    ----
   XDATA SIZE       =   ----       8
   PDATA SIZE       =   ----    ----
   DATA SIZE        =   ----    ----
   IDATA SIZE       =   ----    ----
   BIT SIZE         =   ----    ----
END OF MODULE INFORMATION.


C51 COMPILATION COMPLETE.  0 WARNING(S),  0 ERROR(S)
